<?xml version="1.0" encoding="UTF-8"?>
<!-- Generated by org.testng.reporters.JUnitXMLReporter -->
<testsuite ignored="0" hostname="DESKTOP-B84KNI1" failures="0" tests="5" name="Test" time="0.23" errors="0" timestamp="2024-03-06T11:14:10 IST">
  <testcase classname="testNgpractice.One" name="new1" time="0.036"/>
  <testcase classname="testNgpractice.One" name="old" time="0.007"/>
  <testcase classname="testNgpractice.One" name="old_1" time="0.009"/>
  <testcase classname="testNgpractice.Two" name="bye" time="0.005"/>
  <testcase classname="testNgpractice.Two" name="hello" time="0.012"/>
</testsuite> <!-- Test -->
